---------------------------------------------------------------
[ 2019-10-15T15:06:22+08:00 ] 127.0.0.1 POST api.tp5.com/user/login
[运行时间：0.549729s] [吞吐率：1.82req/s] [内存消耗：1,562.57kb] [文件加载：38]
[ info ] [ LANG ] D:\A_Software_Web\phpstudy\WWW\tp5\thinkphp\lang\zh-cn.php
[ info ] [ BIND ] 'api'
[ info ] [ ROUTE ] array (
  'type' => 'module',
  'module' => 
  array (
    0 => NULL,
    1 => 'User',
    2 => 'index',
  ),
  'convert' => false,
)
[ info ] [ HEADER ] array (
  'connection' => 'close',
  'content-length' => '0',
  'accept-encoding' => 'gzip, deflate',
  'host' => 'api.tp5.com',
  'postman-token' => '3e21e707-5018-4e65-b1f7-fd15da2245d6',
  'cache-control' => 'no-cache',
  'accept' => '*/*',
  'user-agent' => 'PostmanRuntime/7.18.0',
)
[ info ] [ PARAM ] array (
  '/user/login' => '',
  'id' => 'login',
)
[ info ] [ LOG ] INIT File
---------------------------------------------------------------
[ 2019-10-15T15:06:37+08:00 ] 127.0.0.1 POST api.tp5.com/user/login
[运行时间：0.254901s] [吞吐率：3.92req/s] [内存消耗：1,757.79kb] [文件加载：44]
[ info ] [ LANG ] D:\A_Software_Web\phpstudy\WWW\tp5\thinkphp\lang\zh-cn.php
[ info ] [ BIND ] 'api'
[ info ] [ ROUTE ] array (
  'type' => 'module',
  'module' => 
  array (
    0 => NULL,
    1 => 'User',
    2 => 'index',
  ),
  'convert' => false,
)
[ info ] [ HEADER ] array (
  'connection' => 'close',
  'content-length' => '0',
  'accept-encoding' => 'gzip, deflate',
  'host' => 'api.tp5.com',
  'postman-token' => '5e0b8ef2-8c0f-42e1-804c-67377c15133d',
  'cache-control' => 'no-cache',
  'accept' => '*/*',
  'user-agent' => 'PostmanRuntime/7.18.0',
)
[ info ] [ PARAM ] array (
  '/user/login' => '',
  'id' => 'login',
)
[ info ] [ LOG ] INIT File
[ error ] [8]未定义数组索引: index[D:\A_Software_Web\phpstudy\WWW\tp5\application\api\controller\Common.php:74]
---------------------------------------------------------------
[ 2019-10-15T15:07:56+08:00 ] 127.0.0.1 POST api.tp5.com/user/login
[运行时间：0.056491s] [吞吐率：17.70req/s] [内存消耗：1,586.45kb] [文件加载：39]
[ info ] [ LANG ] D:\A_Software_Web\phpstudy\WWW\tp5\thinkphp\lang\zh-cn.php
[ info ] [ BIND ] 'api'
[ info ] [ ROUTE ] array (
  'type' => 'module',
  'module' => 
  array (
    0 => NULL,
    1 => 'User',
    2 => 'index',
  ),
  'convert' => false,
)
[ info ] [ HEADER ] array (
  'connection' => 'close',
  'content-length' => '0',
  'accept-encoding' => 'gzip, deflate',
  'host' => 'api.tp5.com',
  'postman-token' => '96dee0f7-3654-4546-9be4-e29c8118b0fd',
  'cache-control' => 'no-cache',
  'accept' => '*/*',
  'user-agent' => 'PostmanRuntime/7.18.0',
)
[ info ] [ PARAM ] array (
  '/user/login' => '',
  'id' => 'login',
)
[ info ] [ LOG ] INIT File
---------------------------------------------------------------
[ 2019-10-15T15:08:15+08:00 ] 127.0.0.1 POST api.tp5.com/user/login
[运行时间：0.028992s] [吞吐率：34.49req/s] [内存消耗：1,586.70kb] [文件加载：39]
[ info ] [ LANG ] D:\A_Software_Web\phpstudy\WWW\tp5\thinkphp\lang\zh-cn.php
[ info ] [ BIND ] 'api'
[ info ] [ ROUTE ] array (
  'type' => 'module',
  'module' => 
  array (
    0 => NULL,
    1 => 'User',
    2 => 'index',
  ),
  'convert' => false,
)
[ info ] [ HEADER ] array (
  'connection' => 'close',
  'content-length' => '0',
  'accept-encoding' => 'gzip, deflate',
  'host' => 'api.tp5.com',
  'postman-token' => '4a887d62-5942-43e3-8d8f-49221ad63aad',
  'cache-control' => 'no-cache',
  'accept' => '*/*',
  'user-agent' => 'PostmanRuntime/7.18.0',
)
[ info ] [ PARAM ] array (
  '/user/login' => '',
  'id' => 'login',
)
[ info ] [ LOG ] INIT File
---------------------------------------------------------------
[ 2019-10-15T15:08:33+08:00 ] 127.0.0.1 POST api.tp5.com/user/login
[运行时间：0.034182s] [吞吐率：29.26req/s] [内存消耗：1,586.45kb] [文件加载：39]
[ info ] [ LANG ] D:\A_Software_Web\phpstudy\WWW\tp5\thinkphp\lang\zh-cn.php
[ info ] [ BIND ] 'api'
[ info ] [ ROUTE ] array (
  'type' => 'module',
  'module' => 
  array (
    0 => NULL,
    1 => 'User',
    2 => 'index',
  ),
  'convert' => false,
)
[ info ] [ HEADER ] array (
  'connection' => 'close',
  'content-length' => '0',
  'accept-encoding' => 'gzip, deflate',
  'host' => 'api.tp5.com',
  'postman-token' => '9d889c62-44b6-4a11-b532-d335d86d64dc',
  'cache-control' => 'no-cache',
  'accept' => '*/*',
  'user-agent' => 'PostmanRuntime/7.18.0',
)
[ info ] [ PARAM ] array (
  '/user/login' => '',
  'id' => 'login',
)
[ info ] [ LOG ] INIT File
---------------------------------------------------------------
[ 2019-10-15T15:09:45+08:00 ] 127.0.0.1 POST api.tp5.com/user
[运行时间：0.030731s] [吞吐率：32.54req/s] [内存消耗：1,585.44kb] [文件加载：39]
[ info ] [ LANG ] D:\A_Software_Web\phpstudy\WWW\tp5\thinkphp\lang\zh-cn.php
[ info ] [ BIND ] 'api'
[ info ] [ ROUTE ] array (
  'type' => 'module',
  'module' => 
  array (
    0 => NULL,
    1 => 'User',
    2 => 'login',
  ),
  'convert' => false,
)
[ info ] [ HEADER ] array (
  'connection' => 'close',
  'content-length' => '0',
  'accept-encoding' => 'gzip, deflate',
  'host' => 'api.tp5.com',
  'postman-token' => '1b85d77a-8daa-406c-b86e-bd44a40abd79',
  'cache-control' => 'no-cache',
  'accept' => '*/*',
  'user-agent' => 'PostmanRuntime/7.18.0',
)
[ info ] [ PARAM ] array (
  '/user' => '',
)
[ info ] [ LOG ] INIT File
---------------------------------------------------------------
[ 2019-10-15T15:09:56+08:00 ] 127.0.0.1 POST api.tp5.com/user
[运行时间：0.030577s] [吞吐率：32.70req/s] [内存消耗：1,585.08kb] [文件加载：39]
[ info ] [ LANG ] D:\A_Software_Web\phpstudy\WWW\tp5\thinkphp\lang\zh-cn.php
[ info ] [ BIND ] 'api'
[ info ] [ ROUTE ] array (
  'type' => 'module',
  'module' => 
  array (
    0 => 'api',
    1 => 'user',
    2 => NULL,
  ),
)
[ info ] [ HEADER ] array (
  'connection' => 'close',
  'content-length' => '0',
  'accept-encoding' => 'gzip, deflate',
  'host' => 'api.tp5.com',
  'postman-token' => 'b17d8ec1-9bed-41f1-9534-426003e4ade5',
  'cache-control' => 'no-cache',
  'accept' => '*/*',
  'user-agent' => 'PostmanRuntime/7.18.0',
)
[ info ] [ PARAM ] array (
  '/user' => '',
)
[ info ] [ LOG ] INIT File
---------------------------------------------------------------
[ 2019-10-15T15:11:02+08:00 ] 127.0.0.1 POST api.tp5.com/user/2
[运行时间：0.031548s] [吞吐率：31.70req/s] [内存消耗：1,586.36kb] [文件加载：39]
[ info ] [ LANG ] D:\A_Software_Web\phpstudy\WWW\tp5\thinkphp\lang\zh-cn.php
[ info ] [ BIND ] 'api'
[ info ] [ ROUTE ] array (
  'type' => 'module',
  'module' => 
  array (
    0 => NULL,
    1 => 'User',
    2 => 'login',
  ),
  'convert' => false,
)
[ info ] [ HEADER ] array (
  'connection' => 'close',
  'content-length' => '0',
  'accept-encoding' => 'gzip, deflate',
  'host' => 'api.tp5.com',
  'postman-token' => '4792dd0a-e18b-48b1-b470-2719cc9be0eb',
  'cache-control' => 'no-cache',
  'accept' => '*/*',
  'user-agent' => 'PostmanRuntime/7.18.0',
)
[ info ] [ PARAM ] array (
  '/user/2' => '',
  'id' => '2',
)
[ info ] [ LOG ] INIT File
---------------------------------------------------------------
[ 2019-10-15T15:11:17+08:00 ] 127.0.0.1 POST api.tp5.com/user/we
[运行时间：0.020551s] [吞吐率：48.66req/s] [内存消耗：1,586.42kb] [文件加载：39]
[ info ] [ LANG ] D:\A_Software_Web\phpstudy\WWW\tp5\thinkphp\lang\zh-cn.php
[ info ] [ BIND ] 'api'
[ info ] [ ROUTE ] array (
  'type' => 'module',
  'module' => 
  array (
    0 => NULL,
    1 => 'User',
    2 => 'login',
  ),
  'convert' => false,
)
[ info ] [ HEADER ] array (
  'connection' => 'close',
  'content-length' => '0',
  'accept-encoding' => 'gzip, deflate',
  'host' => 'api.tp5.com',
  'postman-token' => '10d030b4-0b31-41fd-bd35-da9295526883',
  'cache-control' => 'no-cache',
  'accept' => '*/*',
  'user-agent' => 'PostmanRuntime/7.18.0',
)
[ info ] [ PARAM ] array (
  '/user/we' => '',
  'id' => 'we',
)
[ info ] [ LOG ] INIT File
---------------------------------------------------------------
[ 2019-10-15T15:11:49+08:00 ] 127.0.0.1 POST api.tp5.com/user/we
[运行时间：0.038896s] [吞吐率：25.71req/s] [内存消耗：1,756.16kb] [文件加载：43]
[ info ] [ LANG ] D:\A_Software_Web\phpstudy\WWW\tp5\thinkphp\lang\zh-cn.php
[ info ] [ BIND ] 'api'
[ info ] [ ROUTE ] array (
  'type' => 'module',
  'module' => 
  array (
    0 => NULL,
    1 => 'User',
    2 => 'login',
  ),
  'convert' => false,
)
[ info ] [ HEADER ] array (
  'connection' => 'close',
  'content-length' => '0',
  'accept-encoding' => 'gzip, deflate',
  'host' => 'api.tp5.com',
  'postman-token' => '7efe175a-5e19-4017-ad9e-8f5b03b8f041',
  'cache-control' => 'no-cache',
  'accept' => '*/*',
  'user-agent' => 'PostmanRuntime/7.18.0',
)
[ info ] [ PARAM ] array (
  '/user/we' => '',
  'id' => 'we',
)
[ info ] [ LOG ] INIT File
[ error ] [0]致命错误: Class 'app\api\controller\Validate' not found[D:\A_Software_Web\phpstudy\WWW\tp5\application\api\controller\Common.php:76]
---------------------------------------------------------------
[ 2019-10-15T15:13:01+08:00 ] 127.0.0.1 POST api.tp5.com/user/we
[运行时间：0.026421s] [吞吐率：37.85req/s] [内存消耗：1,562.97kb] [文件加载：38]
[ info ] [ LANG ] D:\A_Software_Web\phpstudy\WWW\tp5\thinkphp\lang\zh-cn.php
[ info ] [ BIND ] 'api'
[ info ] [ ROUTE ] array (
  'type' => 'module',
  'module' => 
  array (
    0 => NULL,
    1 => 'User',
    2 => 'login',
  ),
  'convert' => false,
)
[ info ] [ HEADER ] array (
  'connection' => 'close',
  'content-length' => '0',
  'accept-encoding' => 'gzip, deflate',
  'host' => 'api.tp5.com',
  'postman-token' => 'bc452f53-d955-4565-a710-9e8163bc6a18',
  'cache-control' => 'no-cache',
  'accept' => '*/*',
  'user-agent' => 'PostmanRuntime/7.18.0',
)
[ info ] [ PARAM ] array (
  '/user/we' => '',
  'id' => 'we',
)
[ info ] [ LOG ] INIT File
---------------------------------------------------------------
[ 2019-10-15T15:13:32+08:00 ] 127.0.0.1 POST api.tp5.com/user/we?name=123&pwd=123
[运行时间：0.025193s] [吞吐率：39.69req/s] [内存消耗：1,563.19kb] [文件加载：38]
[ info ] [ LANG ] D:\A_Software_Web\phpstudy\WWW\tp5\thinkphp\lang\zh-cn.php
[ info ] [ BIND ] 'api'
[ info ] [ ROUTE ] array (
  'type' => 'module',
  'module' => 
  array (
    0 => NULL,
    1 => 'User',
    2 => 'login',
  ),
  'convert' => false,
)
[ info ] [ HEADER ] array (
  'connection' => 'close',
  'content-length' => '0',
  'accept-encoding' => 'gzip, deflate',
  'host' => 'api.tp5.com',
  'postman-token' => '23f2a5fe-5ae1-403e-a941-3c11b6cbb574',
  'cache-control' => 'no-cache',
  'accept' => '*/*',
  'user-agent' => 'PostmanRuntime/7.18.0',
)
[ info ] [ PARAM ] array (
  '/user/we' => '',
  'name' => '123',
  'pwd' => '123',
  'id' => 'we',
)
[ info ] [ LOG ] INIT File
---------------------------------------------------------------
[ 2019-10-15T15:13:44+08:00 ] 127.0.0.1 POST api.tp5.com/user/we?name=123&pwd=123
[运行时间：0.023278s] [吞吐率：42.96req/s] [内存消耗：1,563.19kb] [文件加载：38]
[ info ] [ LANG ] D:\A_Software_Web\phpstudy\WWW\tp5\thinkphp\lang\zh-cn.php
[ info ] [ BIND ] 'api'
[ info ] [ ROUTE ] array (
  'type' => 'module',
  'module' => 
  array (
    0 => NULL,
    1 => 'User',
    2 => 'login',
  ),
  'convert' => false,
)
[ info ] [ HEADER ] array (
  'connection' => 'close',
  'content-length' => '0',
  'accept-encoding' => 'gzip, deflate',
  'host' => 'api.tp5.com',
  'postman-token' => 'f2ae27bd-c980-4539-badd-3b0f2a139b5b',
  'cache-control' => 'no-cache',
  'accept' => '*/*',
  'user-agent' => 'PostmanRuntime/7.18.0',
)
[ info ] [ PARAM ] array (
  '/user/we' => '',
  'name' => '123',
  'pwd' => '123',
  'id' => 'we',
)
[ info ] [ LOG ] INIT File
---------------------------------------------------------------
[ 2019-10-15T15:13:58+08:00 ] 127.0.0.1 POST api.tp5.com/user/we?user_name=zhuy&pwd=123
[运行时间：0.028506s] [吞吐率：35.08req/s] [内存消耗：1,758.05kb] [文件加载：44]
[ info ] [ LANG ] D:\A_Software_Web\phpstudy\WWW\tp5\thinkphp\lang\zh-cn.php
[ info ] [ BIND ] 'api'
[ info ] [ ROUTE ] array (
  'type' => 'module',
  'module' => 
  array (
    0 => NULL,
    1 => 'User',
    2 => 'login',
  ),
  'convert' => false,
)
[ info ] [ HEADER ] array (
  'connection' => 'close',
  'content-length' => '0',
  'accept-encoding' => 'gzip, deflate',
  'host' => 'api.tp5.com',
  'postman-token' => '6cb6b4e0-fadd-4f21-a3ac-25a8005b61c2',
  'cache-control' => 'no-cache',
  'accept' => '*/*',
  'user-agent' => 'PostmanRuntime/7.18.0',
)
[ info ] [ PARAM ] array (
  '/user/we' => '',
  'user_name' => 'zhuy',
  'pwd' => '123',
  'id' => 'we',
)
[ info ] [ LOG ] INIT File
[ error ] [2]call_user_func_array() expects parameter 1 to be a valid callback, class 'think\Validate' does not have a method 'number'[D:\A_Software_Web\phpstudy\WWW\tp5\thinkphp\library\think\Validate.php:410]
---------------------------------------------------------------
[ 2019-10-15T15:16:30+08:00 ] 127.0.0.1 POST api.tp5.com/user/we?user_name=zhuy&pwd=123
[运行时间：0.039875s] [吞吐率：25.08req/s] [内存消耗：1,758.05kb] [文件加载：44]
[ info ] [ LANG ] D:\A_Software_Web\phpstudy\WWW\tp5\thinkphp\lang\zh-cn.php
[ info ] [ BIND ] 'api'
[ info ] [ ROUTE ] array (
  'type' => 'module',
  'module' => 
  array (
    0 => NULL,
    1 => 'User',
    2 => 'login',
  ),
  'convert' => false,
)
[ info ] [ HEADER ] array (
  'connection' => 'close',
  'content-length' => '0',
  'accept-encoding' => 'gzip, deflate',
  'host' => 'api.tp5.com',
  'postman-token' => 'c40dce3a-8b0a-4b36-8576-19db111f3694',
  'cache-control' => 'no-cache',
  'accept' => '*/*',
  'user-agent' => 'PostmanRuntime/7.18.0',
)
[ info ] [ PARAM ] array (
  '/user/we' => '',
  'user_name' => 'zhuy',
  'pwd' => '123',
  'id' => 'we',
)
[ info ] [ LOG ] INIT File
[ error ] [2]call_user_func_array() expects parameter 1 to be a valid callback, class 'think\Validate' does not have a method 'number'[D:\A_Software_Web\phpstudy\WWW\tp5\thinkphp\library\think\Validate.php:410]
---------------------------------------------------------------
[ 2019-10-15T15:20:19+08:00 ] 127.0.0.1 POST api.tp5.com/user/we?user_name=zhuy&pwd=123
[运行时间：0.035540s] [吞吐率：28.14req/s] [内存消耗：1,758.02kb] [文件加载：44]
[ info ] [ LANG ] D:\A_Software_Web\phpstudy\WWW\tp5\thinkphp\lang\zh-cn.php
[ info ] [ BIND ] 'api'
[ info ] [ ROUTE ] array (
  'type' => 'module',
  'module' => 
  array (
    0 => NULL,
    1 => 'User',
    2 => 'login',
  ),
  'convert' => false,
)
[ info ] [ HEADER ] array (
  'connection' => 'close',
  'content-length' => '0',
  'accept-encoding' => 'gzip, deflate',
  'host' => 'api.tp5.com',
  'postman-token' => '987743e4-6734-4886-8e4e-513533fd7448',
  'cache-control' => 'no-cache',
  'accept' => '*/*',
  'user-agent' => 'PostmanRuntime/7.18.0',
)
[ info ] [ PARAM ] array (
  '/user/we' => '',
  'user_name' => 'zhuy',
  'pwd' => '123',
  'id' => 'we',
)
[ info ] [ LOG ] INIT File
[ error ] [2]call_user_func_array() expects parameter 1 to be a valid callback, class 'think\Validate' does not have a method '~u}wmre'[D:\A_Software_Web\phpstudy\WWW\tp5\thinkphp\library\think\Validate.php:410]
---------------------------------------------------------------
[ 2019-10-15T15:20:31+08:00 ] 127.0.0.1 POST api.tp5.com/user/we?user_name=zhuy&pwd=123
[运行时间：0.038992s] [吞吐率：25.65req/s] [内存消耗：1,347.52kb] [文件加载：36]
[ info ] [ LANG ] D:\A_Software_Web\phpstudy\WWW\tp5\thinkphp\lang\zh-cn.php
[ info ] [ BIND ] 'api'
[ info ] [ ROUTE ] array (
  'type' => 'module',
  'module' => 
  array (
    0 => NULL,
    1 => 'User',
    2 => 'login',
  ),
  'convert' => false,
)
[ info ] [ HEADER ] array (
  'connection' => 'close',
  'content-length' => '0',
  'accept-encoding' => 'gzip, deflate',
  'host' => 'api.tp5.com',
  'postman-token' => '4c7fdc1b-e4b5-4c28-92bb-78e0f60fc2df',
  'cache-control' => 'no-cache',
  'accept' => '*/*',
  'user-agent' => 'PostmanRuntime/7.18.0',
)
[ info ] [ PARAM ] array (
  '/user/we' => '',
  'user_name' => 'zhuy',
  'pwd' => '123',
  'id' => 'we',
)
[ info ] [ LOG ] INIT File
[ error ] [0]语法解析错误: syntax error, unexpected ':', expecting ']'[D:\A_Software_Web\phpstudy\WWW\tp5\application\api\controller\Common.php:15]
---------------------------------------------------------------
[ 2019-10-15T15:20:48+08:00 ] 127.0.0.1 POST api.tp5.com/user/we?user_name=zhuy&pwd=123
[运行时间：0.026222s] [吞吐率：38.14req/s] [内存消耗：1,347.52kb] [文件加载：36]
[ info ] [ LANG ] D:\A_Software_Web\phpstudy\WWW\tp5\thinkphp\lang\zh-cn.php
[ info ] [ BIND ] 'api'
[ info ] [ ROUTE ] array (
  'type' => 'module',
  'module' => 
  array (
    0 => NULL,
    1 => 'User',
    2 => 'login',
  ),
  'convert' => false,
)
[ info ] [ HEADER ] array (
  'connection' => 'close',
  'content-length' => '0',
  'accept-encoding' => 'gzip, deflate',
  'host' => 'api.tp5.com',
  'postman-token' => '7c80120c-b47d-4e0c-81de-c3a49601afc6',
  'cache-control' => 'no-cache',
  'accept' => '*/*',
  'user-agent' => 'PostmanRuntime/7.18.0',
)
[ info ] [ PARAM ] array (
  '/user/we' => '',
  'user_name' => 'zhuy',
  'pwd' => '123',
  'id' => 'we',
)
[ info ] [ LOG ] INIT File
[ error ] [0]语法解析错误: syntax error, unexpected ':', expecting ']'[D:\A_Software_Web\phpstudy\WWW\tp5\application\api\controller\Common.php:15]
---------------------------------------------------------------
[ 2019-10-15T15:20:54+08:00 ] 127.0.0.1 POST api.tp5.com/user/we?user_name=zhuy&pwd=123
[运行时间：0.042204s] [吞吐率：23.69req/s] [内存消耗：1,758.05kb] [文件加载：44]
[ info ] [ LANG ] D:\A_Software_Web\phpstudy\WWW\tp5\thinkphp\lang\zh-cn.php
[ info ] [ BIND ] 'api'
[ info ] [ ROUTE ] array (
  'type' => 'module',
  'module' => 
  array (
    0 => NULL,
    1 => 'User',
    2 => 'login',
  ),
  'convert' => false,
)
[ info ] [ HEADER ] array (
  'connection' => 'close',
  'content-length' => '0',
  'accept-encoding' => 'gzip, deflate',
  'host' => 'api.tp5.com',
  'postman-token' => '445240c1-8212-4fba-869c-bb497e73a87f',
  'cache-control' => 'no-cache',
  'accept' => '*/*',
  'user-agent' => 'PostmanRuntime/7.18.0',
)
[ info ] [ PARAM ] array (
  '/user/we' => '',
  'user_name' => 'zhuy',
  'pwd' => '123',
  'id' => 'we',
)
[ info ] [ LOG ] INIT File
[ error ] [2]call_user_func_array() expects parameter 1 to be a valid callback, class 'think\Validate' does not have a method 'number'[D:\A_Software_Web\phpstudy\WWW\tp5\thinkphp\library\think\Validate.php:410]
---------------------------------------------------------------
[ 2019-10-15T15:21:24+08:00 ] 127.0.0.1 POST api.tp5.com/user/we?user_name=zhuy&pwd=123
[运行时间：0.032981s] [吞吐率：30.32req/s] [内存消耗：1,758.05kb] [文件加载：44]
[ info ] [ LANG ] D:\A_Software_Web\phpstudy\WWW\tp5\thinkphp\lang\zh-cn.php
[ info ] [ BIND ] 'api'
[ info ] [ ROUTE ] array (
  'type' => 'module',
  'module' => 
  array (
    0 => NULL,
    1 => 'User',
    2 => 'login',
  ),
  'convert' => false,
)
[ info ] [ HEADER ] array (
  'connection' => 'close',
  'content-length' => '0',
  'accept-encoding' => 'gzip, deflate',
  'host' => 'api.tp5.com',
  'postman-token' => '770c110f-46f9-4711-8f4b-2a9c6de88d33',
  'cache-control' => 'no-cache',
  'accept' => '*/*',
  'user-agent' => 'PostmanRuntime/7.18.0',
)
[ info ] [ PARAM ] array (
  '/user/we' => '',
  'user_name' => 'zhuy',
  'pwd' => '123',
  'id' => 'we',
)
[ info ] [ LOG ] INIT File
[ error ] [2]call_user_func_array() expects parameter 1 to be a valid callback, class 'think\Validate' does not have a method 'chsDash'[D:\A_Software_Web\phpstudy\WWW\tp5\thinkphp\library\think\Validate.php:410]
---------------------------------------------------------------
[ 2019-10-15T15:22:22+08:00 ] 127.0.0.1 POST api.tp5.com/user/we?user_name=zhuy&pwd=123
[运行时间：0.032733s] [吞吐率：30.55req/s] [内存消耗：1,347.52kb] [文件加载：36]
[ info ] [ LANG ] D:\A_Software_Web\phpstudy\WWW\tp5\thinkphp\lang\zh-cn.php
[ info ] [ BIND ] 'api'
[ info ] [ ROUTE ] array (
  'type' => 'module',
  'module' => 
  array (
    0 => NULL,
    1 => 'User',
    2 => 'login',
  ),
  'convert' => false,
)
[ info ] [ HEADER ] array (
  'connection' => 'close',
  'content-length' => '0',
  'accept-encoding' => 'gzip, deflate',
  'host' => 'api.tp5.com',
  'postman-token' => 'b9da4f0e-43ac-4d7f-b724-b9bf985b63a7',
  'cache-control' => 'no-cache',
  'accept' => '*/*',
  'user-agent' => 'PostmanRuntime/7.18.0',
)
[ info ] [ PARAM ] array (
  '/user/we' => '',
  'user_name' => 'zhuy',
  'pwd' => '123',
  'id' => 'we',
)
[ info ] [ LOG ] INIT File
[ error ] [0]语法解析错误: syntax error, unexpected ':', expecting ']'[D:\A_Software_Web\phpstudy\WWW\tp5\application\api\controller\Common.php:15]
---------------------------------------------------------------
[ 2019-10-15T15:22:33+08:00 ] 127.0.0.1 POST api.tp5.com/user/we?user_name=zhuy&pwd=123
[运行时间：0.031535s] [吞吐率：31.71req/s] [内存消耗：1,563.26kb] [文件加载：38]
[ info ] [ LANG ] D:\A_Software_Web\phpstudy\WWW\tp5\thinkphp\lang\zh-cn.php
[ info ] [ BIND ] 'api'
[ info ] [ ROUTE ] array (
  'type' => 'module',
  'module' => 
  array (
    0 => NULL,
    1 => 'User',
    2 => 'login',
  ),
  'convert' => false,
)
[ info ] [ HEADER ] array (
  'connection' => 'close',
  'content-length' => '0',
  'accept-encoding' => 'gzip, deflate',
  'host' => 'api.tp5.com',
  'postman-token' => 'd47cde36-6923-4165-99e8-e0b3c935697b',
  'cache-control' => 'no-cache',
  'accept' => '*/*',
  'user-agent' => 'PostmanRuntime/7.18.0',
)
[ info ] [ PARAM ] array (
  '/user/we' => '',
  'user_name' => 'zhuy',
  'pwd' => '123',
  'id' => 'we',
)
[ info ] [ LOG ] INIT File
---------------------------------------------------------------
[ 2019-10-15T15:22:46+08:00 ] 127.0.0.1 POST api.tp5.com/user/we?user_name=111&pwd=123
[运行时间：0.025637s] [吞吐率：39.01req/s] [内存消耗：1,563.27kb] [文件加载：38]
[ info ] [ LANG ] D:\A_Software_Web\phpstudy\WWW\tp5\thinkphp\lang\zh-cn.php
[ info ] [ BIND ] 'api'
[ info ] [ ROUTE ] array (
  'type' => 'module',
  'module' => 
  array (
    0 => NULL,
    1 => 'User',
    2 => 'login',
  ),
  'convert' => false,
)
[ info ] [ HEADER ] array (
  'connection' => 'close',
  'content-length' => '0',
  'accept-encoding' => 'gzip, deflate',
  'host' => 'api.tp5.com',
  'postman-token' => 'e0e288e9-30ca-41ed-a5b2-27c889d03f31',
  'cache-control' => 'no-cache',
  'accept' => '*/*',
  'user-agent' => 'PostmanRuntime/7.18.0',
)
[ info ] [ PARAM ] array (
  '/user/we' => '',
  'user_name' => '111',
  'pwd' => '123',
  'id' => 'we',
)
[ info ] [ LOG ] INIT File
---------------------------------------------------------------
[ 2019-10-15T15:23:35+08:00 ] 127.0.0.1 POST api.tp5.com/user/we?user_name=2019223040006&pwd=123
[运行时间：0.022553s] [吞吐率：44.34req/s] [内存消耗：1,563.42kb] [文件加载：38]
[ info ] [ LANG ] D:\A_Software_Web\phpstudy\WWW\tp5\thinkphp\lang\zh-cn.php
[ info ] [ BIND ] 'api'
[ info ] [ ROUTE ] array (
  'type' => 'module',
  'module' => 
  array (
    0 => NULL,
    1 => 'User',
    2 => 'login',
  ),
  'convert' => false,
)
[ info ] [ HEADER ] array (
  'connection' => 'close',
  'content-length' => '0',
  'accept-encoding' => 'gzip, deflate',
  'host' => 'api.tp5.com',
  'postman-token' => 'e73ac07d-8314-4195-abba-443b739f25b2',
  'cache-control' => 'no-cache',
  'accept' => '*/*',
  'user-agent' => 'PostmanRuntime/7.18.0',
)
[ info ] [ PARAM ] array (
  '/user/we' => '',
  'user_name' => '2019223040006',
  'pwd' => '123',
  'id' => 'we',
)
[ info ] [ LOG ] INIT File
---------------------------------------------------------------
[ 2019-10-15T15:23:42+08:00 ] 127.0.0.1 POST api.tp5.com/user/we?user_name=2019223040006&user_pwd=123
[运行时间：0.022990s] [吞吐率：43.50req/s] [内存消耗：1,563.44kb] [文件加载：38]
[ info ] [ LANG ] D:\A_Software_Web\phpstudy\WWW\tp5\thinkphp\lang\zh-cn.php
[ info ] [ BIND ] 'api'
[ info ] [ ROUTE ] array (
  'type' => 'module',
  'module' => 
  array (
    0 => NULL,
    1 => 'User',
    2 => 'login',
  ),
  'convert' => false,
)
[ info ] [ HEADER ] array (
  'connection' => 'close',
  'content-length' => '0',
  'accept-encoding' => 'gzip, deflate',
  'host' => 'api.tp5.com',
  'postman-token' => 'ba293c8d-d783-4443-8c27-1d37a4aaef47',
  'cache-control' => 'no-cache',
  'accept' => '*/*',
  'user-agent' => 'PostmanRuntime/7.18.0',
)
[ info ] [ PARAM ] array (
  '/user/we' => '',
  'user_name' => '2019223040006',
  'user_pwd' => '123',
  'id' => 'we',
)
[ info ] [ LOG ] INIT File
---------------------------------------------------------------
[ 2019-10-15T15:25:21+08:00 ] 127.0.0.1 POST api.tp5.com/user/we?user_name=2019223040006&user_pwd=e10adc3949ba59abbe56e057f20f883e
[运行时间：0.030122s] [吞吐率：33.20req/s] [内存消耗：1,629.96kb] [文件加载：40]
[ info ] [ LANG ] D:\A_Software_Web\phpstudy\WWW\tp5\thinkphp\lang\zh-cn.php
[ info ] [ BIND ] 'api'
[ info ] [ ROUTE ] array (
  'type' => 'module',
  'module' => 
  array (
    0 => NULL,
    1 => 'User',
    2 => 'login',
  ),
  'convert' => false,
)
[ info ] [ HEADER ] array (
  'connection' => 'close',
  'content-length' => '0',
  'accept-encoding' => 'gzip, deflate',
  'host' => 'api.tp5.com',
  'postman-token' => 'f742107f-861b-4b44-a927-8f7a9f5f8253',
  'cache-control' => 'no-cache',
  'accept' => '*/*',
  'user-agent' => 'PostmanRuntime/7.18.0',
)
[ info ] [ PARAM ] array (
  '/user/we' => '',
  'user_name' => '2019223040006',
  'user_pwd' => 'e10adc3949ba59abbe56e057f20f883e',
  'id' => 'we',
)
[ info ] [ RUN ] app\api\controller\User->login[ D:\A_Software_Web\phpstudy\WWW\tp5\application\api\controller\User.php ]
[ info ] [ LOG ] INIT File
---------------------------------------------------------------
[ 2019-10-15T15:26:26+08:00 ] 127.0.0.1 POST api.tp5.com/user/we?user_name=2019223040006&user_pwd=e10adc3949ba59abbe56e057f20f883e
[运行时间：0.029970s] [吞吐率：33.37req/s] [内存消耗：1,654.95kb] [文件加载：41]
[ info ] [ LANG ] D:\A_Software_Web\phpstudy\WWW\tp5\thinkphp\lang\zh-cn.php
[ info ] [ BIND ] 'api'
[ info ] [ ROUTE ] array (
  'type' => 'module',
  'module' => 
  array (
    0 => NULL,
    1 => 'User',
    2 => 'login',
  ),
  'convert' => false,
)
[ info ] [ HEADER ] array (
  'connection' => 'close',
  'content-length' => '0',
  'accept-encoding' => 'gzip, deflate',
  'host' => 'api.tp5.com',
  'postman-token' => '39e90003-b24d-4136-b638-cfaf0f50933c',
  'cache-control' => 'no-cache',
  'accept' => '*/*',
  'user-agent' => 'PostmanRuntime/7.18.0',
)
[ info ] [ PARAM ] array (
  '/user/we' => '',
  'user_name' => '2019223040006',
  'user_pwd' => 'e10adc3949ba59abbe56e057f20f883e',
  'id' => 'we',
)
[ info ] [ RUN ] app\api\controller\User->login[ D:\A_Software_Web\phpstudy\WWW\tp5\application\api\controller\User.php ]
[ info ] [ LOG ] INIT File
---------------------------------------------------------------
[ 2019-10-15T15:42:53+08:00 ] 127.0.0.1 POST api.tp5.com/code/1/1/1/1
[运行时间：0.024294s] [吞吐率：41.16req/s] [内存消耗：1,347.37kb] [文件加载：36]
[ info ] [ LANG ] D:\A_Software_Web\phpstudy\WWW\tp5\thinkphp\lang\zh-cn.php
[ info ] [ BIND ] 'api'
[ info ] [ ROUTE ] array (
  'type' => 'module',
  'module' => 
  array (
    0 => 'api',
    1 => 'code',
    2 => '1',
  ),
)
[ info ] [ HEADER ] array (
  'connection' => 'close',
  'content-length' => '0',
  'accept-encoding' => 'gzip, deflate',
  'host' => 'api.tp5.com',
  'postman-token' => '3ef68514-e657-4785-8b59-6699eb24269d',
  'cache-control' => 'no-cache',
  'accept' => '*/*',
  'user-agent' => 'PostmanRuntime/7.18.0',
)
[ info ] [ PARAM ] array (
  '/code/1/1/1/1' => '',
  0 => '1',
)
[ info ] [ LOG ] INIT File
[ error ] [0]致命错误: Class 'app\api\cotroller\Common' not found[D:\A_Software_Web\phpstudy\WWW\tp5\application\api\controller\Code.php:4]
---------------------------------------------------------------
[ 2019-10-15T15:44:20+08:00 ] 127.0.0.1 POST api.tp5.com/code/1/1/1/1
[运行时间：0.034930s] [吞吐率：28.63req/s] [内存消耗：1,759.26kb] [文件加载：44]
[ info ] [ LANG ] D:\A_Software_Web\phpstudy\WWW\tp5\thinkphp\lang\zh-cn.php
[ info ] [ BIND ] 'api'
[ info ] [ ROUTE ] array (
  'type' => 'module',
  'module' => 
  array (
    0 => 'api',
    1 => 'code',
    2 => '1',
  ),
)
[ info ] [ HEADER ] array (
  'connection' => 'close',
  'content-length' => '0',
  'accept-encoding' => 'gzip, deflate',
  'host' => 'api.tp5.com',
  'postman-token' => '420a9b4b-ffea-49dc-aa3d-9933fc54882b',
  'cache-control' => 'no-cache',
  'accept' => '*/*',
  'user-agent' => 'PostmanRuntime/7.18.0',
)
[ info ] [ PARAM ] array (
  '/code/1/1/1/1' => '',
  0 => '1',
)
[ info ] [ LOG ] INIT File
[ error ] [8]未定义数组下标: 1[D:\A_Software_Web\phpstudy\WWW\tp5\application\api\controller\Common.php:82]
---------------------------------------------------------------
[ 2019-10-15T15:44:36+08:00 ] 127.0.0.1 GET api.tp5.com/code/1/1/1/1
[运行时间：0.030942s] [吞吐率：32.32req/s] [内存消耗：1,759.45kb] [文件加载：44]
[ info ] [ LANG ] D:\A_Software_Web\phpstudy\WWW\tp5\thinkphp\lang\zh-cn.php
[ info ] [ BIND ] 'api'
[ info ] [ ROUTE ] array (
  'type' => 'module',
  'module' => 
  array (
    0 => 'api',
    1 => 'code',
    2 => '1',
  ),
)
[ info ] [ HEADER ] array (
  'connection' => 'close',
  'accept-encoding' => 'gzip, deflate',
  'host' => 'api.tp5.com',
  'postman-token' => '2e8f1bae-1ba2-46cd-a925-d32a0fa76b91',
  'cache-control' => 'no-cache',
  'accept' => '*/*',
  'user-agent' => 'PostmanRuntime/7.18.0',
)
[ info ] [ PARAM ] array (
  '/code/1/1/1/1' => '',
  0 => '1',
)
[ info ] [ LOG ] INIT File
[ error ] [8]未定义数组下标: 1[D:\A_Software_Web\phpstudy\WWW\tp5\application\api\controller\Common.php:82]
---------------------------------------------------------------
[ 2019-10-15T15:44:38+08:00 ] 127.0.0.1 GET api.tp5.com/code/1/1/1/1
[运行时间：0.048399s] [吞吐率：20.66req/s] [内存消耗：1,759.45kb] [文件加载：44]
[ info ] [ LANG ] D:\A_Software_Web\phpstudy\WWW\tp5\thinkphp\lang\zh-cn.php
[ info ] [ BIND ] 'api'
[ info ] [ ROUTE ] array (
  'type' => 'module',
  'module' => 
  array (
    0 => 'api',
    1 => 'code',
    2 => '1',
  ),
)
[ info ] [ HEADER ] array (
  'connection' => 'close',
  'accept-encoding' => 'gzip, deflate',
  'host' => 'api.tp5.com',
  'postman-token' => '10903176-aa4c-4be1-940c-3e04a3e176a8',
  'cache-control' => 'no-cache',
  'accept' => '*/*',
  'user-agent' => 'PostmanRuntime/7.18.0',
)
[ info ] [ PARAM ] array (
  '/code/1/1/1/1' => '',
  0 => '1',
)
[ info ] [ LOG ] INIT File
[ error ] [8]未定义数组下标: 1[D:\A_Software_Web\phpstudy\WWW\tp5\application\api\controller\Common.php:82]
---------------------------------------------------------------
[ 2019-10-15T15:44:58+08:00 ] 127.0.0.1 GET api.tp5.com/code/1/1/1/1
[运行时间：0.037761s] [吞吐率：26.48req/s] [内存消耗：1,759.44kb] [文件加载：44]
[ info ] [ LANG ] D:\A_Software_Web\phpstudy\WWW\tp5\thinkphp\lang\zh-cn.php
[ info ] [ BIND ] 'api'
[ info ] [ ROUTE ] array (
  'type' => 'module',
  'module' => 
  array (
    0 => 'api',
    1 => 'code',
    2 => '1',
  ),
)
[ info ] [ HEADER ] array (
  'connection' => 'close',
  'accept-encoding' => 'gzip, deflate',
  'host' => 'api.tp5.com',
  'postman-token' => 'ceca835c-84b2-44fe-82ae-055172cb7f93',
  'cache-control' => 'no-cache',
  'accept' => '*/*',
  'user-agent' => 'PostmanRuntime/7.18.0',
)
[ info ] [ PARAM ] array (
  '/code/1/1/1/1' => '',
  0 => '1',
)
[ info ] [ LOG ] INIT File
[ error ] [8]未定义数组下标: 1[D:\A_Software_Web\phpstudy\WWW\tp5\application\api\controller\Common.php:82]
---------------------------------------------------------------
[ 2019-10-15T15:46:00+08:00 ] 127.0.0.1 GET api.tp5.com/user/1/1/1/1
[运行时间：0.023251s] [吞吐率：43.01req/s] [内存消耗：1,761.13kb] [文件加载：44]
[ info ] [ LANG ] D:\A_Software_Web\phpstudy\WWW\tp5\thinkphp\lang\zh-cn.php
[ info ] [ BIND ] 'api'
[ info ] [ ROUTE ] array (
  'type' => 'module',
  'module' => 
  array (
    0 => NULL,
    1 => 'code',
    2 => 'getCode',
  ),
  'convert' => false,
)
[ info ] [ HEADER ] array (
  'connection' => 'close',
  'accept-encoding' => 'gzip, deflate',
  'host' => 'api.tp5.com',
  'postman-token' => '2ef1ca54-6f0b-4d3b-bb49-ce1a1b44209f',
  'cache-control' => 'no-cache',
  'accept' => '*/*',
  'user-agent' => 'PostmanRuntime/7.18.0',
)
[ info ] [ PARAM ] array (
  '/user/1/1/1/1' => '',
  'time' => '1',
  'token' => '1',
  'username' => '1',
  'is_exist' => '1',
)
[ info ] [ LOG ] INIT File
[ error ] [8]未定义数组索引: getcode[D:\A_Software_Web\phpstudy\WWW\tp5\application\api\controller\Common.php:82]
---------------------------------------------------------------
[ 2019-10-15T15:46:18+08:00 ] 127.0.0.1 GET api.tp5.com/user/1/1/1/1
[运行时间：0.031807s] [吞吐率：31.44req/s] [内存消耗：1,632.66kb] [文件加载：40]
[ info ] [ LANG ] D:\A_Software_Web\phpstudy\WWW\tp5\thinkphp\lang\zh-cn.php
[ info ] [ BIND ] 'api'
[ info ] [ ROUTE ] array (
  'type' => 'module',
  'module' => 
  array (
    0 => NULL,
    1 => 'code',
    2 => 'getCode',
  ),
  'convert' => false,
)
[ info ] [ HEADER ] array (
  'connection' => 'close',
  'accept-encoding' => 'gzip, deflate',
  'host' => 'api.tp5.com',
  'postman-token' => '42a25d2c-a929-4f6e-a50e-e39090ce92a4',
  'cache-control' => 'no-cache',
  'accept' => '*/*',
  'user-agent' => 'PostmanRuntime/7.18.0',
)
[ info ] [ PARAM ] array (
  '/user/1/1/1/1' => '',
  'time' => '1',
  'token' => '1',
  'username' => '1',
  'is_exist' => '1',
)
[ info ] [ RUN ] app\api\controller\Code->getCode[ D:\A_Software_Web\phpstudy\WWW\tp5\application\api\controller\Code.php ]
[ info ] [ LOG ] INIT File
---------------------------------------------------------------
[ 2019-10-15T15:47:39+08:00 ] 127.0.0.1 GET api.tp5.com/user/1/1/1/1
[运行时间：0.032957s] [吞吐率：30.34req/s] [内存消耗：1,632.66kb] [文件加载：40]
[ info ] [ LANG ] D:\A_Software_Web\phpstudy\WWW\tp5\thinkphp\lang\zh-cn.php
[ info ] [ BIND ] 'api'
[ info ] [ ROUTE ] array (
  'type' => 'module',
  'module' => 
  array (
    0 => NULL,
    1 => 'code',
    2 => 'getCode',
  ),
  'convert' => false,
)
[ info ] [ HEADER ] array (
  'connection' => 'close',
  'accept-encoding' => 'gzip, deflate',
  'host' => 'api.tp5.com',
  'postman-token' => 'aa60a541-7bc6-4550-9492-023dc3b6445e',
  'cache-control' => 'no-cache',
  'accept' => '*/*',
  'user-agent' => 'PostmanRuntime/7.18.0',
)
[ info ] [ PARAM ] array (
  '/user/1/1/1/1' => '',
  'time' => '1',
  'token' => '1',
  'user_name' => '1',
  'is_exist' => '1',
)
[ info ] [ RUN ] app\api\controller\Code->getCode[ D:\A_Software_Web\phpstudy\WWW\tp5\application\api\controller\Code.php ]
[ info ] [ LOG ] INIT File
---------------------------------------------------------------
[ 2019-10-15T16:20:34+08:00 ] 127.0.0.1 POST api.tp5.com/user?user_name=1111111111111
[运行时间：0.030915s] [吞吐率：32.35req/s] [内存消耗：1,565.98kb] [文件加载：38]
[ info ] [ LANG ] D:\A_Software_Web\phpstudy\WWW\tp5\thinkphp\lang\zh-cn.php
[ info ] [ BIND ] 'api'
[ info ] [ ROUTE ] array (
  'type' => 'module',
  'module' => 
  array (
    0 => NULL,
    1 => 'User',
    2 => 'login',
  ),
  'convert' => false,
)
[ info ] [ HEADER ] array (
  'connection' => 'close',
  'content-length' => '0',
  'accept-encoding' => 'gzip, deflate',
  'host' => 'api.tp5.com',
  'postman-token' => '875b920d-0a94-45ca-946d-f477ebbc613b',
  'cache-control' => 'no-cache',
  'accept' => '*/*',
  'user-agent' => 'PostmanRuntime/7.18.0',
)
[ info ] [ PARAM ] array (
  '/user' => '',
  'user_name' => '1111111111111',
)
[ info ] [ LOG ] INIT File
---------------------------------------------------------------
[ 2019-10-15T16:20:50+08:00 ] 127.0.0.1 POST api.tp5.com/user?user_name=2019223040006
[运行时间：0.018764s] [吞吐率：53.29req/s] [内存消耗：1,565.98kb] [文件加载：38]
[ info ] [ LANG ] D:\A_Software_Web\phpstudy\WWW\tp5\thinkphp\lang\zh-cn.php
[ info ] [ BIND ] 'api'
[ info ] [ ROUTE ] array (
  'type' => 'module',
  'module' => 
  array (
    0 => NULL,
    1 => 'User',
    2 => 'login',
  ),
  'convert' => false,
)
[ info ] [ HEADER ] array (
  'connection' => 'close',
  'content-length' => '0',
  'accept-encoding' => 'gzip, deflate',
  'host' => 'api.tp5.com',
  'postman-token' => '815612f3-5768-4caa-acb3-7f790746c5a2',
  'cache-control' => 'no-cache',
  'accept' => '*/*',
  'user-agent' => 'PostmanRuntime/7.18.0',
)
[ info ] [ PARAM ] array (
  '/user' => '',
  'user_name' => '2019223040006',
)
[ info ] [ LOG ] INIT File
---------------------------------------------------------------
[ 2019-10-15T16:21:07+08:00 ] 127.0.0.1 POST api.tp5.com/user?user_name=2019223040006
[运行时间：0.036109s] [吞吐率：27.69req/s] [内存消耗：1,565.98kb] [文件加载：38]
[ info ] [ LANG ] D:\A_Software_Web\phpstudy\WWW\tp5\thinkphp\lang\zh-cn.php
[ info ] [ BIND ] 'api'
[ info ] [ ROUTE ] array (
  'type' => 'module',
  'module' => 
  array (
    0 => NULL,
    1 => 'User',
    2 => 'login',
  ),
  'convert' => false,
)
[ info ] [ HEADER ] array (
  'connection' => 'close',
  'content-length' => '0',
  'accept-encoding' => 'gzip, deflate',
  'host' => 'api.tp5.com',
  'postman-token' => 'b40f2c94-c2c1-43a9-8bb1-65e6769cda8a',
  'cache-control' => 'no-cache',
  'accept' => '*/*',
  'user-agent' => 'PostmanRuntime/7.18.0',
)
[ info ] [ PARAM ] array (
  '/user' => '',
  'user_name' => '2019223040006',
)
[ info ] [ LOG ] INIT File
---------------------------------------------------------------
[ 2019-10-15T16:21:15+08:00 ] 127.0.0.1 POST api.tp5.com/user?user_name=2019223040006
[运行时间：0.026710s] [吞吐率：37.44req/s] [内存消耗：1,760.80kb] [文件加载：44]
[ info ] [ LANG ] D:\A_Software_Web\phpstudy\WWW\tp5\thinkphp\lang\zh-cn.php
[ info ] [ BIND ] 'api'
[ info ] [ ROUTE ] array (
  'type' => 'module',
  'module' => 
  array (
    0 => NULL,
    1 => 'User',
    2 => 'login',
  ),
  'convert' => false,
)
[ info ] [ HEADER ] array (
  'connection' => 'close',
  'content-length' => '0',
  'accept-encoding' => 'gzip, deflate',
  'host' => 'api.tp5.com',
  'postman-token' => '3998463a-3411-425a-bc75-fa1dad2c2686',
  'cache-control' => 'no-cache',
  'accept' => '*/*',
  'user-agent' => 'PostmanRuntime/7.18.0',
)
[ info ] [ PARAM ] array (
  '/user' => '',
  'user_name' => '2019223040006',
)
[ info ] [ LOG ] INIT File
[ error ] [2]preg_match(): Compilation failed: quantifier does not follow a repeatable item at offset 0[D:\A_Software_Web\phpstudy\WWW\tp5\thinkphp\library\think\Validate.php:1234]
---------------------------------------------------------------
[ 2019-10-15T16:21:26+08:00 ] 127.0.0.1 POST api.tp5.com/user?user_name=2019223040006
[运行时间：0.029925s] [吞吐率：33.42req/s] [内存消耗：1,565.98kb] [文件加载：38]
[ info ] [ LANG ] D:\A_Software_Web\phpstudy\WWW\tp5\thinkphp\lang\zh-cn.php
[ info ] [ BIND ] 'api'
[ info ] [ ROUTE ] array (
  'type' => 'module',
  'module' => 
  array (
    0 => NULL,
    1 => 'User',
    2 => 'login',
  ),
  'convert' => false,
)
[ info ] [ HEADER ] array (
  'connection' => 'close',
  'content-length' => '0',
  'accept-encoding' => 'gzip, deflate',
  'host' => 'api.tp5.com',
  'postman-token' => '4676314d-0c6b-4fee-a1b0-22e2d227ec86',
  'cache-control' => 'no-cache',
  'accept' => '*/*',
  'user-agent' => 'PostmanRuntime/7.18.0',
)
[ info ] [ PARAM ] array (
  '/user' => '',
  'user_name' => '2019223040006',
)
[ info ] [ LOG ] INIT File
---------------------------------------------------------------
[ 2019-10-15T18:23:59+08:00 ] 127.0.0.1 POST api.tp5.com/user?user_name=2019223040006
[运行时间：0.549541s] [吞吐率：1.82req/s] [内存消耗：1,568.74kb] [文件加载：38]
[ info ] [ LANG ] D:\A_Software_Web\phpstudy\WWW\tp5\thinkphp\lang\zh-cn.php
[ info ] [ BIND ] 'api'
[ info ] [ ROUTE ] array (
  'type' => 'module',
  'module' => 
  array (
    0 => NULL,
    1 => 'User',
    2 => 'login',
  ),
  'convert' => false,
)
[ info ] [ HEADER ] array (
  'connection' => 'close',
  'content-length' => '0',
  'accept-encoding' => 'gzip, deflate',
  'host' => 'api.tp5.com',
  'postman-token' => 'b73df6ed-1011-4fc3-9c64-144e70e876f5',
  'cache-control' => 'no-cache',
  'accept' => '*/*',
  'user-agent' => 'PostmanRuntime/7.18.0',
)
[ info ] [ PARAM ] array (
  '/user' => '',
  'user_name' => '2019223040006',
)
[ info ] [ LOG ] INIT File
---------------------------------------------------------------
[ 2019-10-15T18:24:45+08:00 ] 127.0.0.1 GET api.tp5.com/user/1/1/1/1
[运行时间：0.157635s] [吞吐率：6.34req/s] [内存消耗：1,765.79kb] [文件加载：42]
[ info ] [ LANG ] D:\A_Software_Web\phpstudy\WWW\tp5\thinkphp\lang\zh-cn.php
[ info ] [ BIND ] 'api'
[ info ] [ ROUTE ] array (
  'type' => 'module',
  'module' => 
  array (
    0 => NULL,
    1 => 'code',
    2 => 'getCode',
  ),
  'convert' => false,
)
[ info ] [ HEADER ] array (
  'connection' => 'close',
  'accept-encoding' => 'gzip, deflate',
  'host' => 'api.tp5.com',
  'postman-token' => '7daf0c8b-564f-415d-9a9a-7c862a573fd1',
  'cache-control' => 'no-cache',
  'accept' => '*/*',
  'user-agent' => 'PostmanRuntime/7.18.0',
)
[ info ] [ PARAM ] array (
  '/user/1/1/1/1' => '',
  'time' => '1',
  'token' => '1',
  'user_name' => '1',
  'is_exist' => '1',
)
[ info ] [ RUN ] app\api\controller\Code->getCode[ D:\A_Software_Web\phpstudy\WWW\tp5\application\api\controller\Code.php ]
[ info ] [ LOG ] INIT File
[ error ] [0]方法不存在:think\Validate->id[D:\A_Software_Web\phpstudy\WWW\tp5\thinkphp\library\think\Validate.php:1368]
---------------------------------------------------------------
[ 2019-10-15T18:26:52+08:00 ] 127.0.0.1 GET api.tp5.com/user/1/1/1/1
[运行时间：0.034982s] [吞吐率：28.59req/s] [内存消耗：1,765.79kb] [文件加载：42]
[ info ] [ LANG ] D:\A_Software_Web\phpstudy\WWW\tp5\thinkphp\lang\zh-cn.php
[ info ] [ BIND ] 'api'
[ info ] [ ROUTE ] array (
  'type' => 'module',
  'module' => 
  array (
    0 => NULL,
    1 => 'code',
    2 => 'getCode',
  ),
  'convert' => false,
)
[ info ] [ HEADER ] array (
  'connection' => 'close',
  'accept-encoding' => 'gzip, deflate',
  'host' => 'api.tp5.com',
  'postman-token' => '2b3da7ab-9887-49c2-9b69-b740d2ef2365',
  'cache-control' => 'no-cache',
  'accept' => '*/*',
  'user-agent' => 'PostmanRuntime/7.18.0',
)
[ info ] [ PARAM ] array (
  '/user/1/1/1/1' => '',
  'tim' => '1',
  'token' => '1',
  'user_name' => '1',
  'is_exist' => '1',
)
[ info ] [ RUN ] app\api\controller\Code->getCode[ D:\A_Software_Web\phpstudy\WWW\tp5\application\api\controller\Code.php ]
[ info ] [ LOG ] INIT File
[ error ] [0]方法不存在:think\Validate->id[D:\A_Software_Web\phpstudy\WWW\tp5\thinkphp\library\think\Validate.php:1368]
---------------------------------------------------------------
[ 2019-10-15T18:26:54+08:00 ] 127.0.0.1 GET api.tp5.com/user/1/1/1/1
[运行时间：0.042073s] [吞吐率：23.77req/s] [内存消耗：1,765.79kb] [文件加载：42]
[ info ] [ LANG ] D:\A_Software_Web\phpstudy\WWW\tp5\thinkphp\lang\zh-cn.php
[ info ] [ BIND ] 'api'
[ info ] [ ROUTE ] array (
  'type' => 'module',
  'module' => 
  array (
    0 => NULL,
    1 => 'code',
    2 => 'getCode',
  ),
  'convert' => false,
)
[ info ] [ HEADER ] array (
  'connection' => 'close',
  'accept-encoding' => 'gzip, deflate',
  'host' => 'api.tp5.com',
  'postman-token' => '41b71408-e26b-47ce-bf2e-9e1db2504071',
  'cache-control' => 'no-cache',
  'accept' => '*/*',
  'user-agent' => 'PostmanRuntime/7.18.0',
)
[ info ] [ PARAM ] array (
  '/user/1/1/1/1' => '',
  'tim' => '1',
  'token' => '1',
  'user_name' => '1',
  'is_exist' => '1',
)
[ info ] [ RUN ] app\api\controller\Code->getCode[ D:\A_Software_Web\phpstudy\WWW\tp5\application\api\controller\Code.php ]
[ info ] [ LOG ] INIT File
[ error ] [0]方法不存在:think\Validate->id[D:\A_Software_Web\phpstudy\WWW\tp5\thinkphp\library\think\Validate.php:1368]
---------------------------------------------------------------
[ 2019-10-15T18:27:58+08:00 ] 127.0.0.1 GET api.tp5.com/user/1/1/1/1
[运行时间：0.058284s] [吞吐率：17.16req/s] [内存消耗：1,793.36kb] [文件加载：43]
[ info ] [ LANG ] D:\A_Software_Web\phpstudy\WWW\tp5\thinkphp\lang\zh-cn.php
[ info ] [ BIND ] 'api'
[ info ] [ ROUTE ] array (
  'type' => 'module',
  'module' => 
  array (
    0 => NULL,
    1 => 'code',
    2 => 'getCode',
  ),
  'convert' => false,
)
[ info ] [ HEADER ] array (
  'connection' => 'close',
  'accept-encoding' => 'gzip, deflate',
  'host' => 'api.tp5.com',
  'postman-token' => '2b396624-93ee-4351-aea7-a32f22fe6ff7',
  'cache-control' => 'no-cache',
  'accept' => '*/*',
  'user-agent' => 'PostmanRuntime/7.18.0',
)
[ info ] [ PARAM ] array (
  '/user/1/1/1/1' => '',
  'time' => '1',
  'token' => '1',
  'user_name' => '1',
  'is_exist' => '1',
)
[ info ] [ RUN ] app\api\controller\Code->getCode[ D:\A_Software_Web\phpstudy\WWW\tp5\application\api\controller\Code.php ]
[ info ] [ LOG ] INIT File
[ error ] [0]方法不存在:think\Validate->id[D:\A_Software_Web\phpstudy\WWW\tp5\thinkphp\library\think\Validate.php:1368]
---------------------------------------------------------------
[ 2019-10-15T18:28:33+08:00 ] 127.0.0.1 GET api.tp5.com/user/1/1/1/1
[运行时间：0.033373s] [吞吐率：29.96req/s] [内存消耗：1,791.05kb] [文件加载：43]
[ info ] [ LANG ] D:\A_Software_Web\phpstudy\WWW\tp5\thinkphp\lang\zh-cn.php
[ info ] [ BIND ] 'api'
[ info ] [ ROUTE ] array (
  'type' => 'module',
  'module' => 
  array (
    0 => NULL,
    1 => 'code',
    2 => 'getCode',
  ),
  'convert' => false,
)
[ info ] [ HEADER ] array (
  'connection' => 'close',
  'accept-encoding' => 'gzip, deflate',
  'host' => 'api.tp5.com',
  'postman-token' => '384c1f77-b403-4803-a0f1-03f8b73c6aa5',
  'cache-control' => 'no-cache',
  'accept' => '*/*',
  'user-agent' => 'PostmanRuntime/7.18.0',
)
[ info ] [ PARAM ] array (
  '/user/1/1/1/1' => '',
  'time' => '1',
  'token' => '1',
  'user_name' => '1',
  'is_exist' => '1',
)
[ info ] [ RUN ] app\api\controller\Code->getCode[ D:\A_Software_Web\phpstudy\WWW\tp5\application\api\controller\Code.php ]
[ info ] [ LOG ] INIT File
[ error ] [0]方法不存在:think\Validate->id[D:\A_Software_Web\phpstudy\WWW\tp5\thinkphp\library\think\Validate.php:1368]
---------------------------------------------------------------
[ 2019-10-15T18:31:04+08:00 ] 127.0.0.1 GET api.tp5.com/user/1/1/1/11
[运行时间：0.040212s] [吞吐率：24.87req/s] [内存消耗：1,601.69kb] [文件加载：39]
[ info ] [ LANG ] D:\A_Software_Web\phpstudy\WWW\tp5\thinkphp\lang\zh-cn.php
[ info ] [ BIND ] 'api'
[ info ] [ ROUTE ] array (
  'type' => 'module',
  'module' => 
  array (
    0 => NULL,
    1 => 'code',
    2 => 'getCode',
  ),
  'convert' => false,
)
[ info ] [ HEADER ] array (
  'connection' => 'close',
  'accept-encoding' => 'gzip, deflate',
  'host' => 'api.tp5.com',
  'postman-token' => '5ba36743-0c41-4a54-afaa-a52866ee00a2',
  'cache-control' => 'no-cache',
  'accept' => '*/*',
  'user-agent' => 'PostmanRuntime/7.18.0',
)
[ info ] [ PARAM ] array (
  '/user/1/1/1/11' => '',
  'time' => '1',
  'token' => '1',
  'user_name' => '1',
  'is_exist' => '11',
)
[ info ] [ LOG ] INIT File
---------------------------------------------------------------
[ 2019-10-15T19:00:20+08:00 ] 127.0.0.1 GET api.tp5.com/user/1/1/1/1
[运行时间：0.026491s] [吞吐率：37.75req/s] [内存消耗：1,607.41kb] [文件加载：39]
[ info ] [ LANG ] D:\A_Software_Web\phpstudy\WWW\tp5\thinkphp\lang\zh-cn.php
[ info ] [ BIND ] 'api'
[ info ] [ ROUTE ] array (
  'type' => 'module',
  'module' => 
  array (
    0 => NULL,
    1 => 'code',
    2 => 'getCode',
  ),
  'convert' => false,
)
[ info ] [ HEADER ] array (
  'connection' => 'close',
  'accept-encoding' => 'gzip, deflate',
  'host' => 'api.tp5.com',
  'postman-token' => 'f7dbe1db-6170-4778-b3fe-2be46c14391a',
  'cache-control' => 'no-cache',
  'accept' => '*/*',
  'user-agent' => 'PostmanRuntime/7.18.0',
)
[ info ] [ PARAM ] array (
  '/user/1/1/1/1' => '',
  'time' => '1',
  'token' => '1',
  'user_name' => '1',
  'is_exist' => '1',
)
[ info ] [ RUN ] app\api\controller\Code->getCode[ D:\A_Software_Web\phpstudy\WWW\tp5\application\api\controller\Code.php ]
[ info ] [ LOG ] INIT File
---------------------------------------------------------------
[ 2019-10-15T19:00:55+08:00 ] 127.0.0.1 GET api.tp5.com/user/1/1/1771949659/1
[运行时间：0.033913s] [吞吐率：29.49req/s] [内存消耗：1,607.59kb] [文件加载：39]
[ info ] [ LANG ] D:\A_Software_Web\phpstudy\WWW\tp5\thinkphp\lang\zh-cn.php
[ info ] [ BIND ] 'api'
[ info ] [ ROUTE ] array (
  'type' => 'module',
  'module' => 
  array (
    0 => NULL,
    1 => 'code',
    2 => 'getCode',
  ),
  'convert' => false,
)
[ info ] [ HEADER ] array (
  'connection' => 'close',
  'accept-encoding' => 'gzip, deflate',
  'host' => 'api.tp5.com',
  'postman-token' => 'cce72e80-60cd-49c6-8383-0562e1be21c0',
  'cache-control' => 'no-cache',
  'accept' => '*/*',
  'user-agent' => 'PostmanRuntime/7.18.0',
)
[ info ] [ PARAM ] array (
  '/user/1/1/1771949659/1' => '',
  'time' => '1',
  'token' => '1',
  'user_name' => '1771949659',
  'is_exist' => '1',
)
[ info ] [ RUN ] app\api\controller\Code->getCode[ D:\A_Software_Web\phpstudy\WWW\tp5\application\api\controller\Code.php ]
[ info ] [ LOG ] INIT File
---------------------------------------------------------------
[ 2019-10-15T19:01:38+08:00 ] 127.0.0.1 GET api.tp5.com/user/1/1/1771949659/1
[运行时间：0.023365s] [吞吐率：42.80req/s] [内存消耗：1,582.29kb] [文件加载：38]
[ info ] [ LANG ] D:\A_Software_Web\phpstudy\WWW\tp5\thinkphp\lang\zh-cn.php
[ info ] [ BIND ] 'api'
[ info ] [ ROUTE ] array (
  'type' => 'module',
  'module' => 
  array (
    0 => NULL,
    1 => 'code',
    2 => 'getCode',
  ),
  'convert' => false,
)
[ info ] [ HEADER ] array (
  'connection' => 'close',
  'accept-encoding' => 'gzip, deflate',
  'host' => 'api.tp5.com',
  'postman-token' => '634c14fb-637f-4df3-b523-fc3343c42da3',
  'cache-control' => 'no-cache',
  'accept' => '*/*',
  'user-agent' => 'PostmanRuntime/7.18.0',
)
[ info ] [ PARAM ] array (
  '/user/1/1/1771949659/1' => '',
  'time' => '1',
  'token' => '1',
  'user_name' => '1771949659',
  'is_exist' => '1',
)
[ info ] [ RUN ] app\api\controller\Code->getCode[ D:\A_Software_Web\phpstudy\WWW\tp5\application\api\controller\Code.php ]
[ info ] [ LOG ] INIT File
---------------------------------------------------------------
[ 2019-10-15T19:01:43+08:00 ] 127.0.0.1 GET api.tp5.com/user/1/1/17719496595/1
[运行时间：0.178284s] [吞吐率：5.61req/s] [内存消耗：2,469.78kb] [文件加载：45]
[ info ] [ LANG ] D:\A_Software_Web\phpstudy\WWW\tp5\thinkphp\lang\zh-cn.php
[ info ] [ BIND ] 'api'
[ info ] [ ROUTE ] array (
  'type' => 'module',
  'module' => 
  array (
    0 => NULL,
    1 => 'code',
    2 => 'getCode',
  ),
  'convert' => false,
)
[ info ] [ HEADER ] array (
  'connection' => 'close',
  'accept-encoding' => 'gzip, deflate',
  'host' => 'api.tp5.com',
  'postman-token' => '7452ae45-6677-4631-86ea-9e3f5f97d4bc',
  'cache-control' => 'no-cache',
  'accept' => '*/*',
  'user-agent' => 'PostmanRuntime/7.18.0',
)
[ info ] [ PARAM ] array (
  '/user/1/1/17719496595/1' => '',
  'time' => '1',
  'token' => '1',
  'user_name' => '17719496595',
  'is_exist' => '1',
)
[ info ] [ RUN ] app\api\controller\Code->getCode[ D:\A_Software_Web\phpstudy\WWW\tp5\application\api\controller\Code.php ]
[ info ] [ DB ] INIT mysql
[ info ] [ LOG ] INIT File
[ sql ] [ DB ] CONNECT:[ UseTime:0.016471s ] mysql:host=127.0.0.1;dbname=think;charset=utf8
[ sql ] [ SQL ] SHOW COLUMNS FROM `think_user` [ RunTime:0.003106s ]
[ sql ] [ SQL ] SELECT * FROM `think_user` WHERE  `user_phone` = '17719496595' LIMIT 1 [ RunTime:0.000490s ]
[ sql ] [ SQL ] SELECT * FROM `think_user` WHERE  `user_email` = '17719496595' LIMIT 1 [ RunTime:0.000267s ]
---------------------------------------------------------------
[ 2019-10-15T19:01:53+08:00 ] 127.0.0.1 GET api.tp5.com/user/1/1/17719496596/1
[运行时间：0.073559s] [吞吐率：13.59req/s] [内存消耗：2,585.73kb] [文件加载：51]
[ info ] [ LANG ] D:\A_Software_Web\phpstudy\WWW\tp5\thinkphp\lang\zh-cn.php
[ info ] [ BIND ] 'api'
[ info ] [ ROUTE ] array (
  'type' => 'module',
  'module' => 
  array (
    0 => NULL,
    1 => 'code',
    2 => 'getCode',
  ),
  'convert' => false,
)
[ info ] [ HEADER ] array (
  'connection' => 'close',
  'accept-encoding' => 'gzip, deflate',
  'host' => 'api.tp5.com',
  'postman-token' => '59891e83-9f14-4bea-ac82-bfd7c768cfef',
  'cache-control' => 'no-cache',
  'accept' => '*/*',
  'user-agent' => 'PostmanRuntime/7.18.0',
)
[ info ] [ PARAM ] array (
  '/user/1/1/17719496596/1' => '',
  'time' => '1',
  'token' => '1',
  'user_name' => '17719496596',
  'is_exist' => '1',
)
[ info ] [ RUN ] app\api\controller\Code->getCode[ D:\A_Software_Web\phpstudy\WWW\tp5\application\api\controller\Code.php ]
[ info ] [ DB ] INIT mysql
[ info ] [ SESSION ] INIT array (
  'id' => '',
  'var_session_id' => '',
  'prefix' => 'think',
  'type' => '',
  'auto_start' => true,
)
[ info ] [ LOG ] INIT File
[ sql ] [ DB ] CONNECT:[ UseTime:0.001138s ] mysql:host=127.0.0.1;dbname=think;charset=utf8
[ sql ] [ SQL ] SHOW COLUMNS FROM `think_user` [ RunTime:0.001471s ]
[ sql ] [ SQL ] SELECT * FROM `think_user` WHERE  `user_phone` = '17719496596' LIMIT 1 [ RunTime:0.000438s ]
[ sql ] [ SQL ] SELECT * FROM `think_user` WHERE  `user_email` = '17719496596' LIMIT 1 [ RunTime:0.000493s ]
[ error ] [8]未定义变量: mmax[D:\A_Software_Web\phpstudy\WWW\tp5\application\api\controller\Code.php:54]
---------------------------------------------------------------
[ 2019-10-15T19:02:22+08:00 ] 127.0.0.1 GET api.tp5.com/user/1/1/17719496596/1
[运行时间：0.038771s] [吞吐率：25.79req/s] [内存消耗：2,537.45kb] [文件加载：47]
[ info ] [ LANG ] D:\A_Software_Web\phpstudy\WWW\tp5\thinkphp\lang\zh-cn.php
[ info ] [ BIND ] 'api'
[ info ] [ ROUTE ] array (
  'type' => 'module',
  'module' => 
  array (
    0 => NULL,
    1 => 'code',
    2 => 'getCode',
  ),
  'convert' => false,
)
[ info ] [ HEADER ] array (
  'connection' => 'close',
  'cookie' => 'PHPSESSID=rpiqbta1s4mfs52fb9aaiu8m63',
  'accept-encoding' => 'gzip, deflate',
  'host' => 'api.tp5.com',
  'postman-token' => '43eaf706-48e6-4815-bdbd-b6562704afe1',
  'cache-control' => 'no-cache',
  'accept' => '*/*',
  'user-agent' => 'PostmanRuntime/7.18.0',
)
[ info ] [ PARAM ] array (
  '/user/1/1/17719496596/1' => '',
  'time' => '1',
  'token' => '1',
  'user_name' => '17719496596',
  'is_exist' => '1',
)
[ info ] [ RUN ] app\api\controller\Code->getCode[ D:\A_Software_Web\phpstudy\WWW\tp5\application\api\controller\Code.php ]
[ info ] [ DB ] INIT mysql
[ info ] [ SESSION ] INIT array (
  'id' => '',
  'var_session_id' => '',
  'prefix' => 'think',
  'type' => '',
  'auto_start' => true,
)
[ info ] [ LOG ] INIT File
[ sql ] [ DB ] CONNECT:[ UseTime:0.001120s ] mysql:host=127.0.0.1;dbname=think;charset=utf8
[ sql ] [ SQL ] SHOW COLUMNS FROM `think_user` [ RunTime:0.001259s ]
[ sql ] [ SQL ] SELECT * FROM `think_user` WHERE  `user_phone` = '17719496596' LIMIT 1 [ RunTime:0.000444s ]
[ sql ] [ SQL ] SELECT * FROM `think_user` WHERE  `user_email` = '17719496596' LIMIT 1 [ RunTime:0.000344s ]
---------------------------------------------------------------
[ 2019-10-15T19:02:38+08:00 ] 127.0.0.1 GET api.tp5.com/user/1/1/zhouyongtaogin@gamil.com/1
[运行时间：0.038938s] [吞吐率：25.68req/s] [内存消耗：2,538.41kb] [文件加载：47]
[ info ] [ LANG ] D:\A_Software_Web\phpstudy\WWW\tp5\thinkphp\lang\zh-cn.php
[ info ] [ BIND ] 'api'
[ info ] [ ROUTE ] array (
  'type' => 'module',
  'module' => 
  array (
    0 => NULL,
    1 => 'code',
    2 => 'getCode',
  ),
  'convert' => false,
)
[ info ] [ HEADER ] array (
  'connection' => 'close',
  'cookie' => 'PHPSESSID=rpiqbta1s4mfs52fb9aaiu8m63',
  'accept-encoding' => 'gzip, deflate',
  'host' => 'api.tp5.com',
  'postman-token' => '7a5a96a3-eb43-4b01-865a-2ea2c334e54d',
  'cache-control' => 'no-cache',
  'accept' => '*/*',
  'user-agent' => 'PostmanRuntime/7.18.0',
)
[ info ] [ PARAM ] array (
  '/user/1/1/zhouyongtaogin@gamil_com/1' => '',
  'time' => '1',
  'token' => '1',
  'user_name' => 'zhouyongtaogin@gamil.com',
  'is_exist' => '1',
)
[ info ] [ RUN ] app\api\controller\Code->getCode[ D:\A_Software_Web\phpstudy\WWW\tp5\application\api\controller\Code.php ]
[ info ] [ DB ] INIT mysql
[ info ] [ SESSION ] INIT array (
  'id' => '',
  'var_session_id' => '',
  'prefix' => 'think',
  'type' => '',
  'auto_start' => true,
)
[ info ] [ LOG ] INIT File
[ sql ] [ DB ] CONNECT:[ UseTime:0.001113s ] mysql:host=127.0.0.1;dbname=think;charset=utf8
[ sql ] [ SQL ] SHOW COLUMNS FROM `think_user` [ RunTime:0.001094s ]
[ sql ] [ SQL ] SELECT * FROM `think_user` WHERE  `user_phone` = 'zhouyongtaogin@gamil.com' LIMIT 1 [ RunTime:0.000468s ]
[ sql ] [ SQL ] SELECT * FROM `think_user` WHERE  `user_email` = 'zhouyongtaogin@gamil.com' LIMIT 1 [ RunTime:0.000357s ]
---------------------------------------------------------------
[ 2019-10-15T19:02:43+08:00 ] 127.0.0.1 GET api.tp5.com/user/1/1/zhouyongtaogin@gamil.cm/1
[运行时间：0.035637s] [吞吐率：28.06req/s] [内存消耗：2,538.70kb] [文件加载：47]
[ info ] [ LANG ] D:\A_Software_Web\phpstudy\WWW\tp5\thinkphp\lang\zh-cn.php
[ info ] [ BIND ] 'api'
[ info ] [ ROUTE ] array (
  'type' => 'module',
  'module' => 
  array (
    0 => NULL,
    1 => 'code',
    2 => 'getCode',
  ),
  'convert' => false,
)
[ info ] [ HEADER ] array (
  'connection' => 'close',
  'cookie' => 'PHPSESSID=rpiqbta1s4mfs52fb9aaiu8m63',
  'accept-encoding' => 'gzip, deflate',
  'host' => 'api.tp5.com',
  'postman-token' => 'a5ec698e-f5ed-422f-9117-e775e5383842',
  'cache-control' => 'no-cache',
  'accept' => '*/*',
  'user-agent' => 'PostmanRuntime/7.18.0',
)
[ info ] [ PARAM ] array (
  '/user/1/1/zhouyongtaogin@gamil_cm/1' => '',
  'time' => '1',
  'token' => '1',
  'user_name' => 'zhouyongtaogin@gamil.cm',
  'is_exist' => '1',
)
[ info ] [ RUN ] app\api\controller\Code->getCode[ D:\A_Software_Web\phpstudy\WWW\tp5\application\api\controller\Code.php ]
[ info ] [ DB ] INIT mysql
[ info ] [ SESSION ] INIT array (
  'id' => '',
  'var_session_id' => '',
  'prefix' => 'think',
  'type' => '',
  'auto_start' => true,
)
[ info ] [ LOG ] INIT File
[ sql ] [ DB ] CONNECT:[ UseTime:0.001169s ] mysql:host=127.0.0.1;dbname=think;charset=utf8
[ sql ] [ SQL ] SHOW COLUMNS FROM `think_user` [ RunTime:0.000856s ]
[ sql ] [ SQL ] SELECT * FROM `think_user` WHERE  `user_phone` = 'zhouyongtaogin@gamil.cm' LIMIT 1 [ RunTime:0.000418s ]
[ sql ] [ SQL ] SELECT * FROM `think_user` WHERE  `user_email` = 'zhouyongtaogin@gamil.cm' LIMIT 1 [ RunTime:0.000459s ]
---------------------------------------------------------------
[ 2019-10-15T19:02:48+08:00 ] 127.0.0.1 GET api.tp5.com/user/1/1/zhouyongtaogingamil.cm/1
[运行时间：0.024073s] [吞吐率：41.54req/s] [内存消耗：1,582.94kb] [文件加载：38]
[ info ] [ LANG ] D:\A_Software_Web\phpstudy\WWW\tp5\thinkphp\lang\zh-cn.php
[ info ] [ BIND ] 'api'
[ info ] [ ROUTE ] array (
  'type' => 'module',
  'module' => 
  array (
    0 => NULL,
    1 => 'code',
    2 => 'getCode',
  ),
  'convert' => false,
)
[ info ] [ HEADER ] array (
  'connection' => 'close',
  'cookie' => 'PHPSESSID=rpiqbta1s4mfs52fb9aaiu8m63',
  'accept-encoding' => 'gzip, deflate',
  'host' => 'api.tp5.com',
  'postman-token' => '2f7e1946-ad7f-4187-b489-49ba14ebf11a',
  'cache-control' => 'no-cache',
  'accept' => '*/*',
  'user-agent' => 'PostmanRuntime/7.18.0',
)
[ info ] [ PARAM ] array (
  '/user/1/1/zhouyongtaogingamil_cm/1' => '',
  'time' => '1',
  'token' => '1',
  'user_name' => 'zhouyongtaogingamil.cm',
  'is_exist' => '1',
)
[ info ] [ RUN ] app\api\controller\Code->getCode[ D:\A_Software_Web\phpstudy\WWW\tp5\application\api\controller\Code.php ]
[ info ] [ LOG ] INIT File
---------------------------------------------------------------
[ 2019-10-15T19:07:29+08:00 ] 127.0.0.1 GET api.tp5.com/user/1/1/17719496595/1
[运行时间：0.035944s] [吞吐率：27.82req/s] [内存消耗：1,357.47kb] [文件加载：36]
[ info ] [ LANG ] D:\A_Software_Web\phpstudy\WWW\tp5\thinkphp\lang\zh-cn.php
[ info ] [ BIND ] 'api'
[ info ] [ ROUTE ] array (
  'type' => 'module',
  'module' => 
  array (
    0 => NULL,
    1 => 'code',
    2 => 'getCode',
  ),
  'convert' => false,
)
[ info ] [ HEADER ] array (
  'connection' => 'close',
  'cookie' => 'PHPSESSID=rpiqbta1s4mfs52fb9aaiu8m63',
  'accept-encoding' => 'gzip, deflate',
  'host' => 'api.tp5.com',
  'postman-token' => 'ea414f5e-90c6-419d-9a45-18bcf2419263',
  'cache-control' => 'no-cache',
  'accept' => '*/*',
  'user-agent' => 'PostmanRuntime/7.18.0',
)
[ info ] [ PARAM ] array (
  '/user/1/1/17719496595/1' => '',
  'time' => '1',
  'token' => '1',
  'user_name' => '17719496595',
  'is_exist' => '1',
)
[ info ] [ LOG ] INIT File
[ error ] [0]语法解析错误: syntax error, unexpected '$email_res' (T_VARIABLE)[D:\A_Software_Web\phpstudy\WWW\tp5\application\api\controller\Common.php:148]
---------------------------------------------------------------
[ 2019-10-15T19:07:57+08:00 ] 127.0.0.1 GET api.tp5.com/user/1/1/17719496595/1
[运行时间：0.052921s] [吞吐率：18.90req/s] [内存消耗：2,538.68kb] [文件加载：47]
[ info ] [ LANG ] D:\A_Software_Web\phpstudy\WWW\tp5\thinkphp\lang\zh-cn.php
[ info ] [ BIND ] 'api'
[ info ] [ ROUTE ] array (
  'type' => 'module',
  'module' => 
  array (
    0 => NULL,
    1 => 'code',
    2 => 'getCode',
  ),
  'convert' => false,
)
[ info ] [ HEADER ] array (
  'connection' => 'close',
  'cookie' => 'PHPSESSID=rpiqbta1s4mfs52fb9aaiu8m63',
  'accept-encoding' => 'gzip, deflate',
  'host' => 'api.tp5.com',
  'postman-token' => 'b9dafff2-cc96-46a6-97f1-9cb70e01221e',
  'cache-control' => 'no-cache',
  'accept' => '*/*',
  'user-agent' => 'PostmanRuntime/7.18.0',
)
[ info ] [ PARAM ] array (
  '/user/1/1/17719496595/1' => '',
  'time' => '1',
  'token' => '1',
  'user_name' => '17719496595',
  'is_exist' => '1',
)
[ info ] [ RUN ] app\api\controller\Code->getCode[ D:\A_Software_Web\phpstudy\WWW\tp5\application\api\controller\Code.php ]
[ info ] [ DB ] INIT mysql
[ info ] [ SESSION ] INIT array (
  'id' => '',
  'var_session_id' => '',
  'prefix' => 'think',
  'type' => '',
  'auto_start' => true,
)
[ info ] [ LOG ] INIT File
[ sql ] [ DB ] CONNECT:[ UseTime:0.001497s ] mysql:host=127.0.0.1;dbname=think;charset=utf8
[ sql ] [ SQL ] SHOW COLUMNS FROM `think_user` [ RunTime:0.001431s ]
[ sql ] [ SQL ] SELECT * FROM `think_user` WHERE  `user_phone` = '17719496595' LIMIT 1 [ RunTime:0.000555s ]
[ sql ] [ SQL ] SELECT * FROM `think_user` WHERE  `user_email` = '17719496595' LIMIT 1 [ RunTime:0.000484s ]
---------------------------------------------------------------
[ 2019-10-15T19:08:04+08:00 ] 127.0.0.1 GET api.tp5.com/user/1/1/17719496595/0
[运行时间：0.039089s] [吞吐率：25.58req/s] [内存消耗：2,470.13kb] [文件加载：45]
[ info ] [ LANG ] D:\A_Software_Web\phpstudy\WWW\tp5\thinkphp\lang\zh-cn.php
[ info ] [ BIND ] 'api'
[ info ] [ ROUTE ] array (
  'type' => 'module',
  'module' => 
  array (
    0 => NULL,
    1 => 'code',
    2 => 'getCode',
  ),
  'convert' => false,
)
[ info ] [ HEADER ] array (
  'connection' => 'close',
  'cookie' => 'PHPSESSID=rpiqbta1s4mfs52fb9aaiu8m63',
  'accept-encoding' => 'gzip, deflate',
  'host' => 'api.tp5.com',
  'postman-token' => 'd91b1f7e-b57d-4617-a112-b4d6afcc5b41',
  'cache-control' => 'no-cache',
  'accept' => '*/*',
  'user-agent' => 'PostmanRuntime/7.18.0',
)
[ info ] [ PARAM ] array (
  '/user/1/1/17719496595/0' => '',
  'time' => '1',
  'token' => '1',
  'user_name' => '17719496595',
  'is_exist' => '0',
)
[ info ] [ RUN ] app\api\controller\Code->getCode[ D:\A_Software_Web\phpstudy\WWW\tp5\application\api\controller\Code.php ]
[ info ] [ DB ] INIT mysql
[ info ] [ LOG ] INIT File
[ sql ] [ DB ] CONNECT:[ UseTime:0.001192s ] mysql:host=127.0.0.1;dbname=think;charset=utf8
[ sql ] [ SQL ] SHOW COLUMNS FROM `think_user` [ RunTime:0.000889s ]
[ sql ] [ SQL ] SELECT * FROM `think_user` WHERE  `user_phone` = '17719496595' LIMIT 1 [ RunTime:0.000405s ]
[ sql ] [ SQL ] SELECT * FROM `think_user` WHERE  `user_email` = '17719496595' LIMIT 1 [ RunTime:0.000343s ]
---------------------------------------------------------------
[ 2019-10-15T19:10:07+08:00 ] 127.0.0.1 GET api.tp5.com/user/1/1/17719496595/1
[运行时间：0.040985s] [吞吐率：24.40req/s] [内存消耗：2,538.87kb] [文件加载：47]
[ info ] [ LANG ] D:\A_Software_Web\phpstudy\WWW\tp5\thinkphp\lang\zh-cn.php
[ info ] [ BIND ] 'api'
[ info ] [ ROUTE ] array (
  'type' => 'module',
  'module' => 
  array (
    0 => NULL,
    1 => 'code',
    2 => 'getCode',
  ),
  'convert' => false,
)
[ info ] [ HEADER ] array (
  'connection' => 'close',
  'cookie' => 'PHPSESSID=rpiqbta1s4mfs52fb9aaiu8m63',
  'accept-encoding' => 'gzip, deflate',
  'host' => 'api.tp5.com',
  'postman-token' => 'f4cdc9cd-4a04-4d0e-a7aa-146d62cb744c',
  'cache-control' => 'no-cache',
  'accept' => '*/*',
  'user-agent' => 'PostmanRuntime/7.18.0',
)
[ info ] [ PARAM ] array (
  '/user/1/1/17719496595/1' => '',
  'time' => '1',
  'token' => '1',
  'user_name' => '17719496595',
  'is_exist' => '1',
)
[ info ] [ RUN ] app\api\controller\Code->getCode[ D:\A_Software_Web\phpstudy\WWW\tp5\application\api\controller\Code.php ]
[ info ] [ DB ] INIT mysql
[ info ] [ SESSION ] INIT array (
  'id' => '',
  'var_session_id' => '',
  'prefix' => 'think',
  'type' => '',
  'auto_start' => true,
)
[ info ] [ LOG ] INIT File
[ sql ] [ DB ] CONNECT:[ UseTime:0.001274s ] mysql:host=127.0.0.1;dbname=think;charset=utf8
[ sql ] [ SQL ] SHOW COLUMNS FROM `think_user` [ RunTime:0.001197s ]
[ sql ] [ SQL ] SELECT * FROM `think_user` WHERE  `user_phone` = '17719496595' LIMIT 1 [ RunTime:0.000481s ]
[ sql ] [ SQL ] SELECT * FROM `think_user` WHERE  `user_email` = '17719496595' LIMIT 1 [ RunTime:0.000604s ]
